<?xml version="1.0" encoding="UTF-8"?><testsuites><testsuite name="tests.MathJ5Test" timestamp="2025-11-23T22:19:48.329189Z" hostname="vl-d-1223" tests="7" failures="0" errors="1" disabled="0" skipped="1" package=""><properties/><testcase name="addTest" classname="tests.MathJ5Test" time="0.13"></testcase><testcase name="tests.MathJ5Test" classname="tests.MathJ5Test" time="0.34"></testcase><testcase name="wrongTest" classname="tests.MathJ5Test" time="0.05"><error message="expected: &lt;4&gt; but was: &lt;0&gt;" type="org.opentest4j.AssertionFailedError"><![CDATA[org.opentest4j.AssertionFailedError: expected: <4> but was: <0>
	at org.junit.jupiter.api.AssertionFailureBuilder.build(AssertionFailureBuilder.java:151)
	at org.junit.jupiter.api.AssertionFailureBuilder.buildAndThrow(AssertionFailureBuilder.java:132)
	at org.junit.jupiter.api.AssertEquals.failNotEqual(AssertEquals.java:197)
	at org.junit.jupiter.api.AssertEquals.assertEquals(AssertEquals.java:150)
	at org.junit.jupiter.api.AssertEquals.assertEquals(AssertEquals.java:145)
	at org.junit.jupiter.api.Assertions.assertEquals(Assertions.java:531)
	at tests.MathJ5Test.wrongTest(MathJ5Test.java:38)
	at java.base/java.lang.reflect.Method.invoke(Method.java:568)
	at java.base/java.util.ArrayList.forEach(ArrayList.java:1511)
	at java.base/java.util.ArrayList.forEach(ArrayList.java:1511)
]]></error></testcase><testcase name="tests.MathJ5Test$AdditionalTests" classname="tests.MathJ5Test$AdditionalTests" time="0.03"></testcase><testcase name="disabledTest" classname="tests.MathJ5Test" time="0"><skipped><![CDATA[public void tests.MathJ5Test.disabledTest() is @Disabled]]></skipped></testcase><testcase name="multiplyTest" classname="tests.MathJ5Test$AdditionalTests" time="0"></testcase><testcase name="tests.MathJ5Test$AdditionalTests$More" classname="tests.MathJ5Test$AdditionalTests$More" time="0.02"></testcase></testsuite><testsuite name="tests.MathJ5Test$AdditionalTests$More" timestamp="2025-11-23T22:19:48.642282Z" hostname="vl-d-1223" tests="1" failures="0" errors="0" disabled="0" skipped="0" package=""><properties/><testcase name="subtractTest" classname="tests.MathJ5Test$AdditionalTests$More" time="0"></testcase></testsuite></testsuites>