<?xml version="1.0" encoding="UTF-8"?>
<testsuites>
    <testsuite name="src/kotlin/tests/Kotlin_junit5" tests="1" failures="0" errors="0">
        <testcase name="src/kotlin/tests/Kotlin_junit5" status="run" duration="4" time="4"></testcase>
        <system-out>
            Generated test.log (if the file is not UTF-8, then this may be unreadable):
            <![CDATA[exec ${PAGER:-/usr/bin/less} "$0" || exit 1
Executing tests from //src/kotlin/tests:Kotlin_junit5
-----------------------------------------------------------------------------

Thanks for using JUnit! Support its development at https://junit.org/sponsoring

?[36m╷?[0m
?[36m└─?[0m ?[36mJUnit Jupiter?[0m ?[32m✔?[0m
?[36m   └─?[0m ?[36mKotlinJ5Test?[0m ?[32m✔?[0m
?[36m      ├─?[0m ?[34mdoSomething()?[0m ?[32m✔?[0m
?[36m      └─?[0m ?[36mAdditional?[0m ?[32m✔?[0m
?[36m         └─?[0m ?[34mtest with multiple words()?[0m ?[32m✔?[0m

Test run finished after 740 ms
[         3 containers found      ]
[         0 containers skipped    ]
[         3 containers started    ]
[         0 containers aborted    ]
[         3 containers successful ]
[         0 containers failed     ]
[         2 tests found           ]
[         0 tests skipped         ]
[         2 tests started         ]
[         0 tests aborted         ]
[         2 tests successful      ]
[         0 tests failed          ]


WARNING: Delegated to the 'execute' command.
         This behaviour has been deprecated and will be removed in a future release.
         Please use the 'execute' command directly.]]>
        </system-out>
    </testsuite>
</testsuites>
